TN:
SF:app/api/__tests__/run-api-tests.ts
FN:40,runTests
FN:120,(anonymous_1)
FN:153,(anonymous_2)
FNF:3
FNH:0
FNDA:0,runTests
FNDA:0,(anonymous_1)
FNDA:0,(anonymous_2)
DA:10,0
DA:11,0
DA:21,0
DA:41,0
DA:43,0
DA:44,0
DA:45,0
DA:46,0
DA:47,0
DA:49,0
DA:50,0
DA:52,0
DA:54,0
DA:55,0
DA:61,0
DA:62,0
DA:63,0
DA:65,0
DA:66,0
DA:67,0
DA:68,0
DA:70,0
DA:78,0
DA:79,0
DA:80,0
DA:81,0
DA:83,0
DA:86,0
DA:89,0
DA:90,0
DA:91,0
DA:92,0
DA:94,0
DA:95,0
DA:96,0
DA:98,0
DA:106,0
DA:107,0
DA:108,0
DA:109,0
DA:111,0
DA:116,0
DA:117,0
DA:118,0
DA:120,0
DA:121,0
DA:122,0
DA:131,0
DA:132,0
DA:139,0
DA:142,0
DA:143,0
DA:144,0
DA:146,0
DA:147,0
DA:152,0
DA:153,0
DA:154,0
DA:155,0
DA:159,0
LF:60
LH:0
BRDA:65,0,0,0
BRDA:65,0,1,0
BRDA:66,1,0,0
BRDA:66,1,1,0
BRDA:67,2,0,0
BRDA:67,2,1,0
BRDA:94,3,0,0
BRDA:94,3,1,0
BRDA:95,4,0,0
BRDA:95,4,1,0
BRDA:96,5,0,0
BRDA:96,5,1,0
BRDA:101,6,0,0
BRDA:101,6,1,0
BRDA:107,7,0,0
BRDA:107,7,1,0
BRDA:121,8,0,0
BRDA:121,8,1,0
BRDA:142,9,0,0
BRDA:142,9,1,0
BRDA:152,10,0,0
BRF:21
BRH:0
end_of_record
TN:
SF:app/api/__tests__/test-utils.ts
FN:12,(anonymous_0)
FN:33,(anonymous_1)
FN:46,(anonymous_2)
FN:55,(anonymous_3)
FN:77,(anonymous_4)
FN:94,(anonymous_5)
FN:122,(anonymous_6)
FN:134,(anonymous_7)
FN:144,(anonymous_8)
FN:158,(anonymous_9)
FN:167,(anonymous_10)
FN:172,(anonymous_11)
FN:206,createMockFetch
FN:211,(anonymous_13)
FN:217,(anonymous_14)
FN:218,(anonymous_15)
FN:221,(anonymous_16)
FN:226,(anonymous_17)
FN:227,(anonymous_18)
FN:230,(anonymous_19)
FN:238,(anonymous_20)
FN:239,(anonymous_21)
FN:241,(anonymous_22)
FN:253,(anonymous_23)
FNF:24
FNH:0
FNDA:0,(anonymous_0)
FNDA:0,(anonymous_1)
FNDA:0,(anonymous_2)
FNDA:0,(anonymous_3)
FNDA:0,(anonymous_4)
FNDA:0,(anonymous_5)
FNDA:0,(anonymous_6)
FNDA:0,(anonymous_7)
FNDA:0,(anonymous_8)
FNDA:0,(anonymous_9)
FNDA:0,(anonymous_10)
FNDA:0,(anonymous_11)
FNDA:0,createMockFetch
FNDA:0,(anonymous_13)
FNDA:0,(anonymous_14)
FNDA:0,(anonymous_15)
FNDA:0,(anonymous_16)
FNDA:0,(anonymous_17)
FNDA:0,(anonymous_18)
FNDA:0,(anonymous_19)
FNDA:0,(anonymous_20)
FNDA:0,(anonymous_21)
FNDA:0,(anonymous_22)
FNDA:0,(anonymous_23)
DA:5,0
DA:10,0
DA:13,0
DA:34,0
DA:47,0
DA:56,0
DA:78,0
DA:95,0
DA:123,0
DA:133,0
DA:135,0
DA:145,0
DA:157,0
DA:159,0
DA:160,0
DA:161,0
DA:163,0
DA:168,0
DA:169,0
DA:170,0
DA:172,0
DA:173,0
DA:176,0
DA:177,0
DA:178,0
DA:179,0
DA:181,0
DA:182,0
DA:184,0
DA:185,0
DA:186,0
DA:187,0
DA:188,0
DA:189,0
DA:198,0
DA:201,0
DA:206,0
DA:207,0
DA:209,0
DA:212,0
DA:217,0
DA:218,0
DA:222,0
DA:226,0
DA:227,0
DA:231,0
DA:237,0
DA:239,0
DA:240,0
DA:241,0
DA:242,0
DA:243,0
DA:244,0
DA:245,0
DA:246,0
DA:247,0
DA:254,0
DA:255,0
DA:256,0
DA:257,0
LF:60
LH:0
BRDA:167,0,0,0
BRDA:179,1,0,0
BRDA:185,2,0,0
BRDA:187,3,0,0
BRDA:187,4,0,0
BRDA:187,4,1,0
BRDA:214,5,0,0
BRDA:214,5,1,0
BRDA:216,6,0,0
BRDA:216,6,1,0
BRDA:226,7,0,0
BRDA:226,7,1,0
BRDA:227,8,0,0
BRDA:227,8,1,0
BRDA:238,9,0,0
BRDA:242,10,0,0
BRDA:242,10,1,0
BRDA:245,11,0,0
BRF:18
BRH:0
end_of_record
TN:
SF:app/api/ai/analysis-stream/route.ts
FN:71,streamText
FN:74,(anonymous_7)
FN:78,POST
FN:94,(anonymous_9)
FN:95,(anonymous_10)
FN:102,(anonymous_11)
FN:158,(anonymous_12)
FN:187,(anonymous_13)
FN:206,(anonymous_14)
FN:284,simulateStepProgress
FN:305,(anonymous_16)
FN:331,(anonymous_17)
FN:353,(anonymous_18)
FN:379,(anonymous_19)
FN:404,(anonymous_20)
FN:425,(anonymous_21)
FN:443,(anonymous_22)
FNF:17
FNH:0
FNDA:0,streamText
FNDA:0,(anonymous_7)
FNDA:0,POST
FNDA:0,(anonymous_9)
FNDA:0,(anonymous_10)
FNDA:0,(anonymous_11)
FNDA:0,(anonymous_12)
FNDA:0,(anonymous_13)
FNDA:0,(anonymous_14)
FNDA:0,simulateStepProgress
FNDA:0,(anonymous_16)
FNDA:0,(anonymous_17)
FNDA:0,(anonymous_18)
FNDA:0,(anonymous_19)
FNDA:0,(anonymous_20)
FNDA:0,(anonymous_21)
FNDA:0,(anonymous_22)
DA:1,0
DA:2,0
DA:3,0
DA:5,0
DA:21,0
DA:30,0
DA:72,0
DA:73,0
DA:74,0
DA:78,0
DA:79,0
DA:80,0
DA:81,0
DA:82,0
DA:84,0
DA:92,0
DA:93,0
DA:95,0
DA:96,0
DA:97,0
DA:101,0
DA:102,0
DA:104,0
DA:106,0
DA:119,0
DA:120,0
DA:121,0
DA:122,0
DA:124,0
DA:136,0
DA:137,0
DA:138,0
DA:140,0
DA:142,0
DA:143,0
DA:144,0
DA:157,0
DA:158,0
DA:161,0
DA:162,0
DA:165,0
DA:168,0
DA:169,0
DA:171,0
DA:184,0
DA:185,0
DA:187,0
DA:188,0
DA:195,0
DA:197,0
DA:206,0
DA:207,0
DA:208,0
DA:210,0
DA:213,0
DA:225,0
DA:226,0
DA:232,0
DA:234,0
DA:243,0
DA:244,0
DA:252,0
DA:261,0
DA:263,0
DA:264,0
DA:273,0
DA:291,0
DA:293,0
DA:294,0
DA:295,0
DA:305,0
DA:307,0
DA:311,0
DA:314,0
DA:315,0
DA:316,0
DA:317,0
DA:321,0
DA:331,0
DA:333,0
DA:336,0
DA:337,0
DA:338,0
DA:339,0
DA:343,0
DA:353,0
DA:355,0
DA:359,0
DA:362,0
DA:363,0
DA:364,0
DA:365,0
DA:369,0
DA:379,0
DA:381,0
DA:385,0
DA:388,0
DA:389,0
DA:390,0
DA:394,0
DA:404,0
DA:406,0
DA:409,0
DA:410,0
DA:411,0
DA:415,0
DA:425,0
DA:427,0
DA:431,0
DA:432,0
DA:433,0
DA:443,0
LF:112
LH:0
BRDA:71,0,0,0
BRDA:82,1,0,0
BRDA:82,1,1,0
BRDA:136,2,0,0
BRDA:136,2,1,0
BRDA:207,3,0,0
BRDA:207,4,0,0
BRDA:207,4,1,0
BRDA:219,5,0,0
BRDA:219,5,1,0
BRDA:220,6,0,0
BRDA:220,6,1,0
BRDA:239,7,0,0
BRDA:239,7,1,0
BRDA:263,8,0,0
BRDA:276,9,0,0
BRDA:276,9,1,0
BRDA:291,10,0,0
BRDA:291,10,1,0
BRDA:291,10,2,0
BRDA:291,10,3,0
BRDA:291,10,4,0
BRDA:291,10,5,0
BRDA:291,10,6,0
BRF:24
BRH:0
end_of_record
TN:
SF:app/api/ai/chat/route.refactored.example.ts
FN:42,(anonymous_0)
FNF:1
FNH:0
FNDA:0,(anonymous_0)
DA:8,0
DA:9,0
DA:10,0
DA:11,0
DA:12,0
DA:13,0
DA:14,0
DA:15,0
DA:18,0
DA:31,0
DA:44,0
DA:46,0
DA:47,0
DA:48,0
DA:50,0
DA:56,0
DA:58,0
DA:60,0
DA:67,0
DA:68,0
DA:71,0
DA:72,0
DA:74,0
DA:75,0
DA:80,0
DA:87,0
DA:95,0
DA:98,0
DA:104,0
DA:113,0
LF:30
LH:0
BRDA:47,0,0,0
BRDA:47,0,1,0
BRDA:47,0,2,0
BRDA:48,1,0,0
BRDA:48,1,1,0
BRDA:71,2,0,0
BRDA:71,3,0,0
BRDA:71,3,1,0
BRDA:74,4,0,0
BRDA:81,5,0,0
BRDA:81,5,1,0
BRDA:81,6,0,0
BRDA:81,6,1,0
BRDA:105,7,0,0
BRDA:105,7,1,0
BRF:15
BRH:0
end_of_record
TN:
SF:app/api/ai/chat/route.ts
FN:35,(anonymous_0)
FNF:1
FNH:0
FNDA:0,(anonymous_0)
DA:1,0
DA:2,0
DA:3,0
DA:4,0
DA:5,0
DA:6,0
DA:7,0
DA:8,0
DA:11,0
DA:24,0
DA:37,0
DA:39,0
DA:40,0
DA:41,0
DA:43,0
DA:49,0
DA:51,0
DA:53,0
DA:60,0
DA:61,0
DA:64,0
DA:65,0
DA:67,0
DA:68,0
DA:73,0
DA:80,0
DA:88,0
DA:91,0
DA:97,0
DA:106,0
LF:30
LH:0
BRDA:40,0,0,0
BRDA:40,0,1,0
BRDA:40,0,2,0
BRDA:41,1,0,0
BRDA:41,1,1,0
BRDA:64,2,0,0
BRDA:64,3,0,0
BRDA:64,3,1,0
BRDA:67,4,0,0
BRDA:74,5,0,0
BRDA:74,5,1,0
BRDA:74,6,0,0
BRDA:74,6,1,0
BRDA:98,7,0,0
BRDA:98,7,1,0
BRF:15
BRH:0
end_of_record
TN:
SF:app/api/ai/stream/route.ts
FN:24,POST
FN:56,(anonymous_1)
FN:77,(anonymous_2)
FN:147,GET
FN:160,(anonymous_4)
FN:162,(anonymous_5)
FN:170,(anonymous_6)
FNF:7
FNH:0
FNDA:0,POST
FNDA:0,(anonymous_1)
FNDA:0,(anonymous_2)
FNDA:0,GET
FNDA:0,(anonymous_4)
FNDA:0,(anonymous_5)
FNDA:0,(anonymous_6)
DA:1,0
DA:2,0
DA:3,0
DA:4,0
DA:5,0
DA:6,0
DA:14,0
DA:24,0
DA:25,0
DA:26,0
DA:27,0
DA:29,0
DA:36,0
DA:37,0
DA:38,0
DA:46,0
DA:47,0
DA:52,0
DA:55,0
DA:57,0
DA:58,0
DA:59,0
DA:63,0
DA:73,0
DA:76,0
DA:78,0
DA:79,0
DA:81,0
DA:83,0
DA:84,0
DA:85,0
DA:86,0
DA:87,0
DA:88,0
DA:89,0
DA:90,0
DA:91,0
DA:92,0
DA:96,0
DA:97,0
DA:101,0
DA:102,0
DA:107,0
DA:108,0
DA:109,0
DA:117,0
DA:121,0
DA:130,0
DA:132,0
DA:133,0
DA:142,0
DA:147,0
DA:148,0
DA:149,0
DA:150,0
DA:151,0
DA:152,0
DA:154,0
DA:157,0
DA:159,0
DA:162,0
DA:163,0
DA:167,0
DA:170,0
DA:171,0
DA:175,0
DA:176,0
DA:179,0
DA:180,0
DA:182,0
DA:183,0
DA:184,0
DA:187,0
DA:189,0
DA:191,0
DA:192,0
DA:193,0
DA:194,0
DA:195,0
DA:196,0
DA:197,0
DA:200,0
DA:201,0
DA:206,0
DA:207,0
DA:208,0
DA:210,0
DA:211,0
DA:212,0
DA:213,0
DA:218,0
LF:91
LH:0
BRDA:37,0,0,0
BRDA:46,1,0,0
BRDA:57,2,0,0
BRDA:57,2,1,0
BRDA:57,3,0,0
BRDA:57,3,1,0
BRDA:83,4,0,0
BRDA:83,4,1,0
BRDA:85,5,0,0
BRDA:85,6,0,0
BRDA:85,6,1,0
BRDA:87,7,0,0
BRDA:87,7,1,0
BRDA:89,8,0,0
BRDA:89,8,1,0
BRDA:91,9,0,0
BRDA:96,10,0,0
BRDA:132,11,0,0
BRDA:150,12,0,0
BRDA:150,12,1,0
BRDA:151,13,0,0
BRDA:151,13,1,0
BRDA:175,14,0,0
BRDA:180,15,0,0
BRDA:183,16,0,0
BRDA:187,17,0,0
BRDA:187,17,1,0
BRDA:193,18,0,0
BRDA:193,18,1,0
BRDA:195,19,0,0
BRDA:195,20,0,0
BRDA:195,20,1,0
BRDA:197,21,0,0
BRDA:197,21,1,0
BRDA:197,21,2,0
BRDA:197,21,3,0
BRDA:200,22,0,0
BRDA:212,23,0,0
BRDA:212,23,1,0
BRF:39
BRH:0
end_of_record
TN:
SF:app/api/binance/klines/route.ts
FN:23,(anonymous_0)
FNF:1
FNH:1
FNDA:60,(anonymous_0)
DA:1,1
DA:2,1
DA:3,1
DA:4,1
DA:5,1
DA:8,1
DA:15,1
DA:20,1
DA:24,60
DA:27,60
DA:28,1
DA:36,59
DA:37,1
DA:45,58
DA:46,58
DA:47,1
DA:54,57
DA:56,57
DA:65,57
DA:66,1
DA:76,56
DA:79,56
DA:80,56
DA:81,1
DA:95,55
DA:99,1
LF:26
LH:26
BRDA:27,0,0,1
BRDA:36,1,0,1
BRDA:45,2,0,2
BRDA:45,2,1,56
BRDA:46,3,0,1
BRDA:46,4,0,58
BRDA:46,4,1,58
BRDA:46,4,2,57
BRDA:65,5,0,1
BRDA:71,6,0,1
BRDA:71,6,1,0
BRDA:80,7,0,1
BRF:12
BRH:11
end_of_record
TN:
SF:app/api/binance/ticker/route.ts
FN:21,(anonymous_0)
FNF:1
FNH:0
FNDA:0,(anonymous_0)
DA:1,0
DA:2,0
DA:3,0
DA:4,0
DA:5,0
DA:8,0
DA:13,0
DA:18,0
DA:22,0
DA:25,0
DA:26,0
DA:33,0
DA:37,0
DA:46,0
DA:47,0
DA:57,0
DA:61,0
DA:63,0
DA:66,0
DA:69,0
DA:70,0
DA:82,0
DA:86,0
LF:23
LH:0
BRDA:25,0,0,0
BRDA:25,1,0,0
BRDA:25,1,1,0
BRDA:33,2,0,0
BRDA:33,2,1,0
BRDA:46,3,0,0
BRDA:52,4,0,0
BRDA:52,4,1,0
BRDA:61,5,0,0
BRDA:61,5,1,0
BRDA:69,6,0,0
BRF:11
BRH:0
end_of_record
TN:
SF:app/api/events/route.ts
FN:17,GET
FN:21,(anonymous_1)
FN:27,(anonymous_2)
FN:32,(anonymous_3)
FN:48,(anonymous_4)
FN:58,(anonymous_5)
FN:88,OPTIONS
FN:102,broadcastEvent
FNF:8
FNH:0
FNDA:0,GET
FNDA:0,(anonymous_1)
FNDA:0,(anonymous_2)
FNDA:0,(anonymous_3)
FNDA:0,(anonymous_4)
FNDA:0,(anonymous_5)
FNDA:0,OPTIONS
FNDA:0,broadcastEvent
DA:17,0
DA:18,0
DA:20,0
DA:23,0
DA:27,0
DA:28,0
DA:32,0
DA:33,0
DA:34,0
DA:35,0
DA:37,0
DA:42,0
DA:43,0
DA:45,0
DA:48,0
DA:49,0
DA:50,0
DA:51,0
DA:53,0
DA:58,0
DA:59,0
DA:60,0
DA:61,0
DA:62,0
DA:69,0
DA:72,0
DA:76,0
DA:88,0
DA:89,0
DA:102,0
DA:107,0
DA:108,0
DA:111,0
DA:117,0
DA:118,0
DA:119,0
DA:121,0
DA:123,0
LF:38
LH:0
BRDA:42,0,0,0
BRDA:107,1,0,0
BRDA:113,2,0,0
BRDA:113,2,1,0
BRF:4
BRH:0
end_of_record
TN:
SF:app/api/logs/route.ts
FN:60,(anonymous_0)
FN:119,(anonymous_1)
FNF:2
FNH:0
FNDA:0,(anonymous_0)
FNDA:0,(anonymous_1)
DA:7,0
DA:8,0
DA:9,0
DA:11,0
DA:14,0
DA:35,0
DA:58,0
DA:62,0
DA:65,0
DA:66,0
DA:70,0
DA:71,0
DA:75,0
DA:76,0
DA:77,0
DA:78,0
DA:82,0
DA:83,0
DA:84,0
DA:85,0
DA:86,0
DA:87,0
DA:90,0
DA:91,0
DA:95,0
DA:96,0
DA:99,0
DA:107,0
DA:110,0
DA:117,0
DA:121,0
DA:122,0
DA:130,0
DA:132,0
LF:34
LH:0
BRDA:65,0,0,0
BRDA:66,1,0,0
BRDA:66,1,1,0
BRDA:70,2,0,0
BRDA:71,3,0,0
BRDA:71,3,1,0
BRDA:75,4,0,0
BRDA:75,5,0,0
BRDA:75,5,1,0
BRDA:77,6,0,0
BRDA:78,7,0,0
BRDA:82,8,0,0
BRDA:83,9,0,0
BRDA:84,10,0,0
BRDA:85,11,0,0
BRDA:86,12,0,0
BRDA:87,13,0,0
BRDA:90,14,0,0
BRDA:95,15,0,0
BRDA:96,16,0,0
BRDA:100,17,0,0
BRDA:100,17,1,0
BRDA:101,18,0,0
BRDA:101,18,1,0
BRDA:102,19,0,0
BRDA:102,19,1,0
BRDA:103,20,0,0
BRDA:103,20,1,0
BRDA:121,21,0,0
BRF:29
BRH:0
end_of_record
TN:
SF:app/api/logs/stats/route.ts
FN:27,(anonymous_0)
FNF:1
FNH:0
FNDA:0,(anonymous_0)
DA:7,0
DA:8,0
DA:9,0
DA:13,0
DA:25,0
DA:29,0
DA:32,0
DA:33,0
DA:37,0
DA:38,0
DA:42,0
DA:43,0
DA:44,0
DA:45,0
DA:49,0
DA:50,0
DA:53,0
DA:56,0
LF:18
LH:0
BRDA:32,0,0,0
BRDA:33,1,0,0
BRDA:33,1,1,0
BRDA:37,2,0,0
BRDA:38,3,0,0
BRDA:38,3,1,0
BRDA:42,4,0,0
BRDA:42,5,0,0
BRDA:42,5,1,0
BRDA:44,6,0,0
BRDA:45,7,0,0
BRDA:49,8,0,0
BRDA:50,9,0,0
BRDA:59,10,0,0
BRDA:59,10,1,0
BRF:15
BRH:0
end_of_record
TN:
SF:app/api/logs/stream/route.refactored.example.ts
FN:28,(anonymous_0)
FN:61,(anonymous_1)
FN:68,(anonymous_2)
FN:87,(anonymous_3)
FN:98,GET_ALTERNATIVE
FN:110,(anonymous_5)
FN:119,(anonymous_6)
FN:125,(anonymous_7)
FN:136,(anonymous_8)
FNF:9
FNH:0
FNDA:0,(anonymous_0)
FNDA:0,(anonymous_1)
FNDA:0,(anonymous_2)
FNDA:0,(anonymous_3)
FNDA:0,GET_ALTERNATIVE
FNDA:0,(anonymous_5)
FNDA:0,(anonymous_6)
FNDA:0,(anonymous_7)
FNDA:0,(anonymous_8)
DA:7,0
DA:8,0
DA:9,0
DA:10,0
DA:14,0
DA:25,0
DA:30,0
DA:32,0
DA:33,0
DA:38,0
DA:39,0
DA:44,0
DA:45,0
DA:46,0
DA:49,0
DA:58,0
DA:59,0
DA:61,0
DA:62,0
DA:63,0
DA:68,0
DA:69,0
DA:70,0
DA:73,0
DA:75,0
DA:76,0
DA:77,0
DA:78,0
DA:79,0
DA:87,0
DA:90,0
DA:98,0
DA:99,0
DA:103,0
DA:106,0
DA:110,0
DA:111,0
DA:116,0
DA:117,0
DA:119,0
DA:120,0
DA:121,0
DA:125,0
DA:126,0
DA:127,0
DA:130,0
DA:131,0
DA:132,0
DA:133,0
DA:134,0
DA:136,0
DA:139,0
DA:144,0
DA:146,0
LF:54
LH:0
BRDA:32,0,0,0
BRDA:33,1,0,0
BRDA:33,1,1,0
BRDA:38,2,0,0
BRDA:39,3,0,0
BRDA:39,3,1,0
BRDA:44,4,0,0
BRDA:45,5,0,0
BRDA:46,6,0,0
BRDA:62,7,0,0
BRDA:76,8,0,0
BRDA:120,9,0,0
BRDA:132,10,0,0
BRF:13
BRH:0
end_of_record
TN:
SF:app/api/logs/stream/route.ts
FN:14,GET
FN:45,(anonymous_1)
FN:56,(anonymous_2)
FN:58,(anonymous_3)
FN:62,(anonymous_4)
FNF:5
FNH:0
FNDA:0,GET
FNDA:0,(anonymous_1)
FNDA:0,(anonymous_2)
FNDA:0,(anonymous_3)
FNDA:0,(anonymous_4)
DA:8,0
DA:14,0
DA:15,0
DA:18,0
DA:21,0
DA:22,0
DA:23,0
DA:27,0
DA:28,0
DA:29,0
DA:33,0
DA:34,0
DA:37,0
DA:40,0
DA:41,0
DA:42,0
DA:45,0
DA:46,0
DA:47,0
DA:48,0
DA:49,0
DA:51,0
DA:56,0
DA:57,0
DA:58,0
DA:62,0
DA:65,0
LF:27
LH:0
BRDA:22,0,0,0
BRDA:23,1,0,0
BRDA:23,1,1,0
BRDA:28,2,0,0
BRDA:29,3,0,0
BRDA:29,3,1,0
BRDA:33,4,0,0
BRDA:34,5,0,0
BRDA:37,6,0,0
BRF:9
BRH:0
end_of_record
TN:
SF:app/api/metrics/route.ts
FN:17,(anonymous_0)
FNF:1
FNH:0
FNDA:0,(anonymous_0)
DA:1,0
DA:2,0
DA:3,0
DA:4,0
DA:7,0
DA:15,0
DA:18,0
DA:20,0
DA:21,0
DA:26,0
DA:28,0
LF:11
LH:0
BRDA:18,0,0,0
BRDA:18,0,1,0
BRDA:20,1,0,0
BRF:3
BRH:0
end_of_record
TN:
SF:app/api/monitoring/circuit-breaker/route.ts
FN:17,(anonymous_0)
FN:32,(anonymous_1)
FNF:2
FNH:0
FNDA:0,(anonymous_0)
FNDA:0,(anonymous_1)
DA:1,0
DA:2,0
DA:3,0
DA:4,0
DA:14,0
DA:16,0
DA:18,0
DA:20,0
DA:30,0
DA:34,0
DA:35,0
DA:36,0
DA:40,0
DA:42,0
DA:49,0
LF:15
LH:0
BRDA:35,0,0,0
BRF:1
BRH:0
end_of_record
TN:
SF:app/api/monitoring/telemetry/route.ts
FN:12,(anonymous_0)
FN:42,getTelemetryDescription
FNF:2
FNH:0
FNDA:0,(anonymous_0)
FNDA:0,getTelemetryDescription
DA:1,0
DA:2,0
DA:3,0
DA:11,0
DA:13,0
DA:14,0
DA:15,0
DA:17,0
DA:37,0
DA:43,0
DA:44,0
DA:47,0
DA:48,0
DA:51,0
DA:52,0
DA:55,0
DA:56,0
DA:57,0
DA:60,0
LF:19
LH:0
BRDA:14,0,0,0
BRDA:14,0,1,0
BRDA:15,1,0,0
BRDA:15,1,1,0
BRDA:43,2,0,0
BRDA:47,3,0,0
BRDA:51,4,0,0
BRDA:55,5,0,0
BRF:8
BRH:0
end_of_record
TN:
SF:app/api/test-refactored/route.ts
FN:18,(anonymous_0)
FN:45,(anonymous_1)
FN:66,(anonymous_2)
FNF:3
FNH:0
FNDA:0,(anonymous_0)
FNDA:0,(anonymous_1)
FNDA:0,(anonymous_2)
DA:1,0
DA:2,0
DA:3,0
DA:6,0
DA:12,0
DA:21,0
DA:23,0
DA:24,0
DA:26,0
DA:27,0
DA:30,0
DA:33,0
DA:44,0
DA:46,0
DA:47,0
DA:49,0
DA:50,0
DA:53,0
DA:55,0
DA:56,0
DA:66,0
DA:69,0
DA:74,0
LF:23
LH:0
BRDA:21,0,0,0
BRDA:21,0,1,0
BRDA:21,0,2,0
BRDA:21,0,3,0
BRDA:47,1,0,0
BRDA:47,1,1,0
BRDA:49,2,0,0
BRDA:49,3,0,0
BRDA:49,3,1,0
BRF:9
BRH:0
end_of_record
TN:
SF:app/api/ui-events/route.ts
FN:13,GET
FN:15,(anonymous_1)
FN:16,(anonymous_2)
FN:35,(anonymous_3)
FN:59,POST
FNF:5
FNH:0
FNDA:0,GET
FNDA:0,(anonymous_1)
FNDA:0,(anonymous_2)
FNDA:0,(anonymous_3)
FNDA:0,POST
DA:1,0
DA:2,0
DA:3,0
DA:4,0
DA:5,0
DA:7,0
DA:8,0
DA:13,0
DA:14,0
DA:16,0
DA:17,0
DA:18,0
DA:22,0
DA:24,0
DA:29,0
DA:32,0
DA:35,0
DA:36,0
DA:40,0
DA:44,0
DA:59,0
DA:60,0
DA:61,0
DA:62,0
DA:64,0
DA:65,0
DA:72,0
DA:75,0
DA:76,0
DA:78,0
DA:80,0
DA:87,0
LF:32
LH:0
BRDA:64,0,0,0
BRDA:64,1,0,0
BRDA:64,1,1,0
BRF:3
BRH:0
end_of_record
TN:
SF:app/api/ws/metrics/route.ts
FN:9,GET
FN:80,HEAD
FNF:2
FNH:0
FNDA:0,GET
FNDA:0,HEAD
DA:6,0
DA:7,0
DA:9,0
DA:10,0
DA:11,0
DA:14,0
DA:15,0
DA:18,0
DA:20,0
DA:21,0
DA:22,0
DA:30,0
DA:53,0
DA:67,0
DA:69,0
DA:80,0
DA:81,0
DA:82,0
DA:83,0
DA:85,0
DA:86,0
DA:88,0
DA:91,0
LF:23
LH:0
BRDA:14,0,0,0
BRDA:18,1,0,0
BRDA:18,1,1,0
BRDA:20,2,0,0
BRDA:40,3,0,0
BRDA:40,3,1,0
BRDA:85,4,0,0
BRDA:85,4,1,0
BRF:8
BRH:0
end_of_record
