TN:
SF:lib/ws/WSManager.ts
FN:52,(anonymous_0)
FN:83,(anonymous_1)
FN:97,(anonymous_2)
FN:142,(anonymous_3)
FN:153,(anonymous_4)
FN:155,(anonymous_5)
FN:157,(anonymous_6)
FN:162,(anonymous_7)
FN:171,(anonymous_8)
FN:203,(anonymous_9)
FN:214,(anonymous_10)
FN:228,(anonymous_11)
FN:232,(anonymous_12)
FN:240,(anonymous_13)
FN:255,(anonymous_14)
FN:272,(anonymous_15)
FN:284,(anonymous_16)
FN:315,(anonymous_17)
FN:327,(anonymous_18)
FN:374,(anonymous_19)
FN:381,(anonymous_20)
FN:388,(anonymous_21)
FN:389,(anonymous_22)
FN:399,(anonymous_23)
FN:419,(anonymous_24)
FN:454,(anonymous_25)
FN:485,(anonymous_26)
FN:489,(anonymous_27)
FN:508,(anonymous_28)
FN:525,(anonymous_29)
FN:539,(anonymous_30)
FN:551,(anonymous_31)
FN:571,(anonymous_32)
FNF:33
FNH:31
FNDA:107,(anonymous_0)
FNDA:113,(anonymous_1)
FNDA:38,(anonymous_2)
FNDA:103,(anonymous_3)
FNDA:206,(anonymous_4)
FNDA:3,(anonymous_5)
FNDA:3,(anonymous_6)
FNDA:3,(anonymous_7)
FNDA:3,(anonymous_8)
FNDA:37,(anonymous_9)
FNDA:3,(anonymous_10)
FNDA:105,(anonymous_11)
FNDA:31,(anonymous_12)
FNDA:26,(anonymous_13)
FNDA:212,(anonymous_14)
FNDA:105,(anonymous_15)
FNDA:0,(anonymous_16)
FNDA:0,(anonymous_17)
FNDA:52,(anonymous_18)
FNDA:1,(anonymous_19)
FNDA:76,(anonymous_20)
FNDA:6,(anonymous_21)
FNDA:8,(anonymous_22)
FNDA:24,(anonymous_23)
FNDA:43,(anonymous_24)
FNDA:5,(anonymous_25)
FNDA:107,(anonymous_26)
FNDA:3,(anonymous_27)
FNDA:3,(anonymous_28)
FNDA:60,(anonymous_29)
FNDA:5,(anonymous_30)
FNDA:3,(anonymous_31)
FNDA:60,(anonymous_32)
DA:6,11
DA:7,11
DA:12,11
DA:26,11
DA:34,11
DA:36,107
DA:37,107
DA:38,107
DA:42,107
DA:53,107
DA:63,107
DA:64,3
DA:68,3
DA:71,107
DA:72,34
DA:76,107
DA:86,113
DA:87,17
DA:91,113
DA:93,113
DA:95,103
DA:98,38
DA:99,7
DA:101,38
DA:105,103
DA:111,103
DA:114,103
DA:115,103
DA:117,103
DA:118,12
DA:127,113
DA:129,113
DA:130,17
DA:136,113
DA:143,103
DA:145,103
DA:146,12
DA:149,103
DA:151,103
DA:153,206
DA:156,3
DA:157,3
DA:163,3
DA:164,0
DA:172,3
DA:173,3
DA:174,3
DA:179,3
DA:182,0
DA:185,0
DA:186,0
DA:188,0
DA:198,0
DA:204,37
DA:205,7
DA:215,3
DA:219,3
DA:220,3
DA:229,105
DA:233,31
DA:234,31
DA:235,6
DA:241,26
DA:242,26
DA:243,5
DA:249,105
DA:257,212
DA:259,3
DA:260,1
DA:262,2
DA:266,209
DA:275,105
DA:276,105
DA:286,0
DA:289,0
DA:293,0
DA:296,0
DA:298,0
DA:299,0
DA:308,0
DA:318,0
DA:319,0
DA:328,52
DA:330,52
DA:331,5
DA:332,1
DA:334,5
DA:337,47
DA:338,14
DA:345,47
DA:348,47
DA:350,47
DA:351,14
DA:359,47
DA:360,2
DA:361,2
DA:362,1
DA:363,1
DA:375,1
DA:382,76
DA:389,8
DA:405,24
DA:406,24
DA:408,24
DA:434,43
DA:455,5
DA:456,5
DA:458,5
DA:486,107
DA:487,107
DA:489,107
DA:490,3
DA:491,3
DA:493,3
DA:494,5
DA:495,5
DA:496,3
DA:500,3
DA:501,3
DA:502,3
DA:508,3
DA:509,3
DA:514,107
DA:515,34
DA:526,60
DA:527,57
DA:528,57
DA:530,57
DA:531,18
DA:540,5
DA:541,5
DA:542,5
DA:544,5
DA:545,6
DA:546,6
DA:547,3
DA:551,5
DA:552,3
DA:555,5
DA:557,5
DA:558,3
DA:565,5
DA:572,60
DA:573,19
DA:579,60
DA:582,60
DA:583,60
DA:586,60
DA:589,60
DA:591,60
DA:592,19
LF:151
LH:136
BRDA:63,0,0,3
BRDA:71,1,0,34
BRDA:86,2,0,17
BRDA:93,3,0,103
BRDA:98,4,0,7
BRDA:117,5,0,12
BRDA:129,6,0,17
BRDA:145,7,0,12
BRDA:163,8,0,0
BRDA:167,9,0,0
BRDA:167,9,1,0
BRDA:172,10,0,3
BRDA:204,11,0,7
BRDA:234,12,0,6
BRDA:242,13,0,5
BRDA:257,14,0,3
BRDA:257,15,0,212
BRDA:257,15,1,3
BRDA:259,16,0,1
BRDA:276,17,0,44
BRDA:276,17,1,61
BRDA:298,18,0,0
BRDA:318,19,0,0
BRDA:330,20,0,5
BRDA:331,21,0,1
BRDA:337,22,0,14
BRDA:350,23,0,14
BRDA:359,24,0,2
BRDA:359,25,0,47
BRDA:359,25,1,36
BRDA:359,25,2,36
BRDA:362,26,0,1
BRDA:446,27,0,43
BRDA:446,27,1,40
BRDA:495,28,0,3
BRDA:500,29,0,3
BRDA:501,30,0,3
BRDA:514,31,0,34
BRDA:526,32,0,57
BRDA:530,33,0,18
BRDA:539,34,0,0
BRDA:546,35,0,3
BRDA:557,36,0,3
BRDA:572,37,0,19
BRDA:591,38,0,19
BRF:45
BRH:39
end_of_record
TN:
SF:lib/ws/compat-shim.ts
FN:30,(anonymous_0)
FN:52,(anonymous_1)
FN:61,(anonymous_2)
FN:72,(anonymous_3)
FN:79,(anonymous_4)
FN:107,(anonymous_5)
FN:115,(anonymous_6)
FN:119,(anonymous_7)
FN:146,(anonymous_8)
FN:151,(anonymous_9)
FN:161,(anonymous_10)
FN:166,(anonymous_11)
FN:185,(anonymous_12)
FN:190,(anonymous_13)
FN:209,(anonymous_14)
FN:216,(anonymous_15)
FN:224,(anonymous_16)
FNF:17
FNH:17
FNDA:22,(anonymous_0)
FNDA:11,(anonymous_1)
FNDA:9,(anonymous_2)
FNDA:1,(anonymous_3)
FNDA:9,(anonymous_4)
FNDA:2,(anonymous_5)
FNDA:2,(anonymous_6)
FNDA:2,(anonymous_7)
FNDA:1,(anonymous_8)
FNDA:1,(anonymous_9)
FNDA:18,(anonymous_10)
FNDA:8,(anonymous_11)
FNDA:6,(anonymous_12)
FNDA:3,(anonymous_13)
FNDA:3,(anonymous_14)
FNDA:2,(anonymous_15)
FNDA:1,(anonymous_16)
DA:7,5
DA:8,5
DA:24,5
DA:26,22
DA:27,22
DA:28,22
DA:31,22
DA:33,22
DA:41,21
DA:43,21
DA:44,0
DA:53,11
DA:54,1
DA:57,10
DA:60,10
DA:62,9
DA:63,9
DA:65,1
DA:73,1
DA:80,9
DA:81,0
DA:86,10
DA:94,10
DA:95,8
DA:97,10
DA:99,10
DA:107,10
DA:108,2
DA:116,2
DA:117,2
DA:119,2
DA:120,2
DA:121,2
DA:124,2
DA:127,2
DA:130,2
DA:131,1
DA:134,2
DA:147,1
DA:150,1
DA:151,1
DA:152,1
DA:155,1
DA:162,18
DA:165,18
DA:166,7
DA:167,8
DA:172,18
DA:175,18
DA:176,18
DA:179,18
DA:190,6
DA:195,6
DA:210,3
DA:217,2
DA:225,1
DA:230,5
LF:57
LH:55
BRDA:31,0,0,22
BRDA:31,0,1,22
BRDA:43,1,0,0
BRDA:53,2,0,1
BRDA:68,3,0,1
BRDA:68,3,1,0
BRDA:76,4,0,1
BRDA:76,4,1,0
BRDA:80,5,0,0
BRDA:94,6,0,8
BRDA:117,7,0,0
BRDA:120,8,0,2
BRDA:130,9,0,1
BRDA:147,10,0,0
BRDA:175,11,0,18
BRF:15
BRH:9
end_of_record
TN:
SF:lib/ws/index.ts
FN:5,(anonymous_0)
FN:6,(anonymous_1)
FN:6,(anonymous_2)
FN:8,(anonymous_3)
FN:9,(anonymous_4)
FN:10,(anonymous_5)
FN:11,(anonymous_6)
FNF:7
FNH:7
FNDA:1,(anonymous_0)
FNDA:1,(anonymous_1)
FNDA:1,(anonymous_2)
FNDA:1,(anonymous_3)
FNDA:1,(anonymous_4)
FNDA:1,(anonymous_5)
FNDA:1,(anonymous_6)
DA:5,2
DA:6,2
DA:7,1
DA:8,2
DA:9,2
DA:10,2
DA:11,2
LF:7
LH:7
BRF:0
BRH:0
end_of_record
TN:
SF:lib/ws/migration.ts
FN:11,getFeatureFlag
FN:37,(anonymous_1)
FN:47,(anonymous_2)
FN:57,(anonymous_3)
FN:68,(anonymous_4)
FN:84,(anonymous_5)
FN:98,(anonymous_6)
FN:105,(anonymous_7)
FN:142,getBinanceConnection
FN:159,createBinanceConnectionAPI
FNF:10
FNH:10
FNDA:5,getFeatureFlag
FNDA:5,(anonymous_1)
FNDA:16,(anonymous_2)
FNDA:19,(anonymous_3)
FNDA:8,(anonymous_4)
FNDA:13,(anonymous_5)
FNDA:10,(anonymous_6)
FNDA:4,(anonymous_7)
FNDA:11,getBinanceConnection
FNDA:3,createBinanceConnectionAPI
DA:6,5
DA:7,5
DA:8,5
DA:12,5
DA:14,0
DA:17,5
DA:18,5
DA:19,0
DA:21,5
DA:27,5
DA:33,5
DA:38,5
DA:40,5
DA:48,16
DA:49,5
DA:51,16
DA:58,19
DA:59,4
DA:61,15
DA:69,8
DA:70,8
DA:73,8
DA:74,3
DA:77,8
DA:85,13
DA:86,8
DA:89,8
DA:91,8
DA:99,10
DA:106,4
DA:108,4
DA:109,2
DA:110,2
DA:123,2
DA:136,5
DA:142,5
DA:143,11
DA:159,5
DA:160,3
DA:162,3
LF:40
LH:38
BRDA:12,0,0,0
BRDA:12,0,1,5
BRDA:14,1,0,0
BRDA:14,1,1,0
BRDA:19,2,0,0
BRDA:19,2,1,0
BRDA:21,3,0,5
BRDA:21,3,1,5
BRDA:43,4,0,0
BRDA:43,4,1,5
BRDA:48,5,0,5
BRDA:58,6,0,4
BRDA:58,6,1,15
BRDA:69,7,0,8
BRDA:73,8,0,3
BRDA:85,9,0,8
BRDA:99,10,0,4
BRDA:99,10,1,6
BRDA:108,11,0,2
BRDA:108,11,1,2
BRF:20
BRH:14
end_of_record
